CRITICAL - 2024-05-14 09:35:39 --> ParseError: syntax error, unexpected '}', expecting end of file
in APPPATH\Controllers\admin\transaksi.php on line 109.
 1 SYSTEMPATH\Router\Router.php(514): CodeIgniter\Router\AutoRouter->getRoute('admin/transaksi', 'get')
 2 SYSTEMPATH\Router\Router.php(210): CodeIgniter\Router\Router->autoRoute('admin/transaksi')
 3 SYSTEMPATH\CodeIgniter.php(823): CodeIgniter\Router\Router->handle('admin/transaksi')
 4 SYSTEMPATH\CodeIgniter.php(450): CodeIgniter\CodeIgniter->tryToRouteIt(Object(CodeIgniter\Router\RouteCollection))
 5 SYSTEMPATH\CodeIgniter.php(361): CodeIgniter\CodeIgniter->handleRequest(null, Object(Config\Cache), false)
 6 FCPATH\index.php(79): CodeIgniter\CodeIgniter->run()
INFO - 2024-05-14 09:38:24 --> Session: Class initialized using 'CodeIgniter\Session\Handlers\FileHandler' driver.
CRITICAL - 2024-05-14 09:38:29 --> ErrorException: Undefined property: stdClass::$id_transaksi
in APPPATH\Views\pages\backend\pengembalian.php on line 40.
 1 APPPATH\Views\pages\backend\pengembalian.php(40): CodeIgniter\Debug\Exceptions->errorHandler(8, 'Undefined property: stdClass::$id_transaksi', 'C:\\xampp\\htdocs\\si-perpus\\app\\Views\\pages\\backend\\pengembalian.php', 40, [...])
 2 SYSTEMPATH\View\View.php(228): include('C:\\xampp\\htdocs\\si-perpus\\app\\Views\\pages\\backend\\pengembalian.php')
 3 SYSTEMPATH\View\View.php(231): CodeIgniter\View\View->CodeIgniter\View\{closure}()
 4 SYSTEMPATH\Common.php(1178): CodeIgniter\View\View->render('pages/backend/pengembalian', [], true)
 5 APPPATH\Controllers\admin\pengembalian.php(25): view('pages/backend/pengembalian', [...])
 6 SYSTEMPATH\CodeIgniter.php(941): App\Controllers\admin\pengembalian->index()
 7 SYSTEMPATH\CodeIgniter.php(502): CodeIgniter\CodeIgniter->runController(Object(App\Controllers\admin\pengembalian))
 8 SYSTEMPATH\CodeIgniter.php(361): CodeIgniter\CodeIgniter->handleRequest(null, Object(Config\Cache), false)
 9 FCPATH\index.php(79): CodeIgniter\CodeIgniter->run()
INFO - 2024-05-14 09:41:50 --> Session: Class initialized using 'CodeIgniter\Session\Handlers\FileHandler' driver.
INFO - 2024-05-14 09:44:47 --> Session: Class initialized using 'CodeIgniter\Session\Handlers\FileHandler' driver.
CRITICAL - 2024-05-14 10:49:35 --> CodeIgniter\Database\Exceptions\DatabaseException: Updates are not allowed unless they contain a "where" or "like" clause.
in SYSTEMPATH\Model.php on line 388.
 1 SYSTEMPATH\BaseModel.php(987): CodeIgniter\Model->doUpdate(null, [...])
 2 SYSTEMPATH\Model.php(807): CodeIgniter\BaseModel->update(null, [...])
 3 APPPATH\Models\dendaModels.php(22): CodeIgniter\Model->update()
 4 APPPATH\Models\dendaModels.php(38): App\Models\dendaModels->deactivateAllDenda()
 5 APPPATH\Controllers\admin\denda.php(42): App\Models\dendaModels->addAndActivateDenda('2000')
 6 SYSTEMPATH\CodeIgniter.php(941): App\Controllers\admin\denda->simpan()
 7 SYSTEMPATH\CodeIgniter.php(502): CodeIgniter\CodeIgniter->runController(Object(App\Controllers\admin\denda))
 8 SYSTEMPATH\CodeIgniter.php(361): CodeIgniter\CodeIgniter->handleRequest(null, Object(Config\Cache), false)
 9 FCPATH\index.php(79): CodeIgniter\CodeIgniter->run()
CRITICAL - 2024-05-14 10:51:27 --> ParseError: syntax error, unexpected 'namespace' (T_NAMESPACE), expecting function (T_FUNCTION) or const (T_CONST)
in APPPATH\Controllers\admin\denda.php on line 10.
 1 SYSTEMPATH\Router\Router.php(514): CodeIgniter\Router\AutoRouter->getRoute('admin/denda/tambah', 'get')
 2 SYSTEMPATH\Router\Router.php(210): CodeIgniter\Router\Router->autoRoute('admin/denda/tambah')
 3 SYSTEMPATH\CodeIgniter.php(823): CodeIgniter\Router\Router->handle('admin/denda/tambah')
 4 SYSTEMPATH\CodeIgniter.php(450): CodeIgniter\CodeIgniter->tryToRouteIt(Object(CodeIgniter\Router\RouteCollection))
 5 SYSTEMPATH\CodeIgniter.php(361): CodeIgniter\CodeIgniter->handleRequest(null, Object(Config\Cache), false)
 6 FCPATH\index.php(79): CodeIgniter\CodeIgniter->run()
CRITICAL - 2024-05-14 10:51:28 --> ParseError: syntax error, unexpected 'namespace' (T_NAMESPACE), expecting function (T_FUNCTION) or const (T_CONST)
in APPPATH\Controllers\admin\denda.php on line 10.
 1 SYSTEMPATH\Router\Router.php(514): CodeIgniter\Router\AutoRouter->getRoute('admin/denda', 'get')
 2 SYSTEMPATH\Router\Router.php(210): CodeIgniter\Router\Router->autoRoute('admin/denda')
 3 SYSTEMPATH\CodeIgniter.php(823): CodeIgniter\Router\Router->handle('admin/denda')
 4 SYSTEMPATH\CodeIgniter.php(450): CodeIgniter\CodeIgniter->tryToRouteIt(Object(CodeIgniter\Router\RouteCollection))
 5 SYSTEMPATH\CodeIgniter.php(361): CodeIgniter\CodeIgniter->handleRequest(null, Object(Config\Cache), false)
 6 FCPATH\index.php(79): CodeIgniter\CodeIgniter->run()
CRITICAL - 2024-05-14 10:51:31 --> ParseError: syntax error, unexpected 'namespace' (T_NAMESPACE), expecting function (T_FUNCTION) or const (T_CONST)
in APPPATH\Controllers\admin\denda.php on line 10.
 1 SYSTEMPATH\Router\Router.php(514): CodeIgniter\Router\AutoRouter->getRoute('admin/denda', 'get')
 2 SYSTEMPATH\Router\Router.php(210): CodeIgniter\Router\Router->autoRoute('admin/denda')
 3 SYSTEMPATH\CodeIgniter.php(823): CodeIgniter\Router\Router->handle('admin/denda')
 4 SYSTEMPATH\CodeIgniter.php(450): CodeIgniter\CodeIgniter->tryToRouteIt(Object(CodeIgniter\Router\RouteCollection))
 5 SYSTEMPATH\CodeIgniter.php(361): CodeIgniter\CodeIgniter->handleRequest(null, Object(Config\Cache), false)
 6 FCPATH\index.php(79): CodeIgniter\CodeIgniter->run()
INFO - 2024-05-14 10:52:15 --> Session: Class initialized using 'CodeIgniter\Session\Handlers\FileHandler' driver.
CRITICAL - 2024-05-14 10:52:19 --> BadMethodCallException: Call to undefined method App\Models\dendaModels::activateDenda
in SYSTEMPATH\Model.php on line 874.
 1 APPPATH\Controllers\admin\denda.php(28): CodeIgniter\Model->__call('activateDenda', [...])
 2 SYSTEMPATH\CodeIgniter.php(941): App\Controllers\admin\denda->activate('9')
 3 SYSTEMPATH\CodeIgniter.php(502): CodeIgniter\CodeIgniter->runController(Object(App\Controllers\admin\denda))
 4 SYSTEMPATH\CodeIgniter.php(361): CodeIgniter\CodeIgniter->handleRequest(null, Object(Config\Cache), false)
 5 FCPATH\index.php(79): CodeIgniter\CodeIgniter->run()
INFO - 2024-05-14 10:57:30 --> Session: Class initialized using 'CodeIgniter\Session\Handlers\FileHandler' driver.
CRITICAL - 2024-05-14 10:58:43 --> BadMethodCallException: Call to undefined method App\Models\dendaModels::activateDenda
in SYSTEMPATH\Model.php on line 874.
 1 APPPATH\Controllers\admin\denda.php(28): CodeIgniter\Model->__call('activateDenda', [...])
 2 SYSTEMPATH\CodeIgniter.php(941): App\Controllers\admin\denda->activate('9')
 3 SYSTEMPATH\CodeIgniter.php(502): CodeIgniter\CodeIgniter->runController(Object(App\Controllers\admin\denda))
 4 SYSTEMPATH\CodeIgniter.php(361): CodeIgniter\CodeIgniter->handleRequest(null, Object(Config\Cache), false)
 5 FCPATH\index.php(79): CodeIgniter\CodeIgniter->run()
CRITICAL - 2024-05-14 11:03:46 --> ErrorException: Trying to access array offset on value of type null
in APPPATH\Views\pages\backend\denda\edit.php on line 7.
 1 APPPATH\Views\pages\backend\denda\edit.php(7): CodeIgniter\Debug\Exceptions->errorHandler(8, 'Trying to access array offset on value of type null', 'C:\\xampp\\htdocs\\si-perpus\\app\\Views\\pages\\backend\\denda\\edit.php', 7, [...])
 2 SYSTEMPATH\View\View.php(228): include('C:\\xampp\\htdocs\\si-perpus\\app\\Views\\pages\\backend\\denda\\edit.php')
 3 SYSTEMPATH\View\View.php(231): CodeIgniter\View\View->CodeIgniter\View\{closure}()
 4 SYSTEMPATH\Common.php(1178): CodeIgniter\View\View->render('pages/backend/denda/edit', [], true)
 5 APPPATH\Controllers\admin\denda.php(28): view('pages/backend/denda/edit', [...])
 6 SYSTEMPATH\CodeIgniter.php(941): App\Controllers\admin\denda->edit('img', 'undraw_profile.svg')
 7 SYSTEMPATH\CodeIgniter.php(502): CodeIgniter\CodeIgniter->runController(Object(App\Controllers\admin\denda))
 8 SYSTEMPATH\CodeIgniter.php(361): CodeIgniter\CodeIgniter->handleRequest(null, Object(Config\Cache), false)
 9 FCPATH\index.php(79): CodeIgniter\CodeIgniter->run()
CRITICAL - 2024-05-14 11:04:39 --> ErrorException: Trying to access array offset on value of type null
in APPPATH\Views\pages\backend\denda\edit.php on line 7.
 1 APPPATH\Views\pages\backend\denda\edit.php(7): CodeIgniter\Debug\Exceptions->errorHandler(8, 'Trying to access array offset on value of type null', 'C:\\xampp\\htdocs\\si-perpus\\app\\Views\\pages\\backend\\denda\\edit.php', 7, [...])
 2 SYSTEMPATH\View\View.php(228): include('C:\\xampp\\htdocs\\si-perpus\\app\\Views\\pages\\backend\\denda\\edit.php')
 3 SYSTEMPATH\View\View.php(231): CodeIgniter\View\View->CodeIgniter\View\{closure}()
 4 SYSTEMPATH\Common.php(1178): CodeIgniter\View\View->render('pages/backend/denda/edit', [], true)
 5 APPPATH\Controllers\admin\denda.php(28): view('pages/backend/denda/edit', [...])
 6 SYSTEMPATH\CodeIgniter.php(941): App\Controllers\admin\denda->edit('img', 'undraw_profile.svg')
 7 SYSTEMPATH\CodeIgniter.php(502): CodeIgniter\CodeIgniter->runController(Object(App\Controllers\admin\denda))
 8 SYSTEMPATH\CodeIgniter.php(361): CodeIgniter\CodeIgniter->handleRequest(null, Object(Config\Cache), false)
 9 FCPATH\index.php(79): CodeIgniter\CodeIgniter->run()
CRITICAL - 2024-05-14 11:04:47 --> ArgumentCountError: Too few arguments to function App\Controllers\admin\denda::update(), 0 passed in C:\xampp\htdocs\si-perpus\system\CodeIgniter.php on line 941 and exactly 1 expected
in APPPATH\Controllers\admin\denda.php on line 32.
 1 SYSTEMPATH\CodeIgniter.php(941): App\Controllers\admin\denda->update()
 2 SYSTEMPATH\CodeIgniter.php(502): CodeIgniter\CodeIgniter->runController(Object(App\Controllers\admin\denda))
 3 SYSTEMPATH\CodeIgniter.php(361): CodeIgniter\CodeIgniter->handleRequest(null, Object(Config\Cache), false)
 4 FCPATH\index.php(79): CodeIgniter\CodeIgniter->run()
CRITICAL - 2024-05-14 11:06:07 --> ErrorException: Trying to access array offset on value of type null
in APPPATH\Views\pages\backend\denda\edit.php on line 7.
 1 APPPATH\Views\pages\backend\denda\edit.php(7): CodeIgniter\Debug\Exceptions->errorHandler(8, 'Trying to access array offset on value of type null', 'C:\\xampp\\htdocs\\si-perpus\\app\\Views\\pages\\backend\\denda\\edit.php', 7, [...])
 2 SYSTEMPATH\View\View.php(228): include('C:\\xampp\\htdocs\\si-perpus\\app\\Views\\pages\\backend\\denda\\edit.php')
 3 SYSTEMPATH\View\View.php(231): CodeIgniter\View\View->CodeIgniter\View\{closure}()
 4 SYSTEMPATH\Common.php(1178): CodeIgniter\View\View->render('pages/backend/denda/edit', [], true)
 5 APPPATH\Controllers\admin\denda.php(28): view('pages/backend/denda/edit', [...])
 6 SYSTEMPATH\CodeIgniter.php(941): App\Controllers\admin\denda->edit('img', 'undraw_profile.svg')
 7 SYSTEMPATH\CodeIgniter.php(502): CodeIgniter\CodeIgniter->runController(Object(App\Controllers\admin\denda))
 8 SYSTEMPATH\CodeIgniter.php(361): CodeIgniter\CodeIgniter->handleRequest(null, Object(Config\Cache), false)
 9 FCPATH\index.php(79): CodeIgniter\CodeIgniter->run()
CRITICAL - 2024-05-14 11:06:13 --> ErrorException: Trying to access array offset on value of type null
in APPPATH\Views\pages\backend\denda\edit.php on line 7.
 1 APPPATH\Views\pages\backend\denda\edit.php(7): CodeIgniter\Debug\Exceptions->errorHandler(8, 'Trying to access array offset on value of type null', 'C:\\xampp\\htdocs\\si-perpus\\app\\Views\\pages\\backend\\denda\\edit.php', 7, [...])
 2 SYSTEMPATH\View\View.php(228): include('C:\\xampp\\htdocs\\si-perpus\\app\\Views\\pages\\backend\\denda\\edit.php')
 3 SYSTEMPATH\View\View.php(231): CodeIgniter\View\View->CodeIgniter\View\{closure}()
 4 SYSTEMPATH\Common.php(1178): CodeIgniter\View\View->render('pages/backend/denda/edit', [], true)
 5 APPPATH\Controllers\admin\denda.php(28): view('pages/backend/denda/edit', [...])
 6 SYSTEMPATH\CodeIgniter.php(941): App\Controllers\admin\denda->edit('img', 'undraw_profile.svg')
 7 SYSTEMPATH\CodeIgniter.php(502): CodeIgniter\CodeIgniter->runController(Object(App\Controllers\admin\denda))
 8 SYSTEMPATH\CodeIgniter.php(361): CodeIgniter\CodeIgniter->handleRequest(null, Object(Config\Cache), false)
 9 FCPATH\index.php(79): CodeIgniter\CodeIgniter->run()
CRITICAL - 2024-05-14 11:06:18 --> ArgumentCountError: Too few arguments to function App\Controllers\admin\denda::update(), 0 passed in C:\xampp\htdocs\si-perpus\system\CodeIgniter.php on line 941 and exactly 1 expected
in APPPATH\Controllers\admin\denda.php on line 32.
 1 SYSTEMPATH\CodeIgniter.php(941): App\Controllers\admin\denda->update()
 2 SYSTEMPATH\CodeIgniter.php(502): CodeIgniter\CodeIgniter->runController(Object(App\Controllers\admin\denda))
 3 SYSTEMPATH\CodeIgniter.php(361): CodeIgniter\CodeIgniter->handleRequest(null, Object(Config\Cache), false)
 4 FCPATH\index.php(79): CodeIgniter\CodeIgniter->run()
CRITICAL - 2024-05-14 11:09:19 --> ErrorException: Trying to access array offset on value of type null
in APPPATH\Views\pages\backend\denda\edit.php on line 6.
 1 APPPATH\Views\pages\backend\denda\edit.php(6): CodeIgniter\Debug\Exceptions->errorHandler(8, 'Trying to access array offset on value of type null', 'C:\\xampp\\htdocs\\si-perpus\\app\\Views\\pages\\backend\\denda\\edit.php', 6, [...])
 2 SYSTEMPATH\View\View.php(228): include('C:\\xampp\\htdocs\\si-perpus\\app\\Views\\pages\\backend\\denda\\edit.php')
 3 SYSTEMPATH\View\View.php(231): CodeIgniter\View\View->CodeIgniter\View\{closure}()
 4 SYSTEMPATH\Common.php(1178): CodeIgniter\View\View->render('pages/backend/denda/edit', [], true)
 5 APPPATH\Controllers\admin\denda.php(28): view('pages/backend/denda/edit', [...])
 6 SYSTEMPATH\CodeIgniter.php(941): App\Controllers\admin\denda->edit('img', 'undraw_profile.svg')
 7 SYSTEMPATH\CodeIgniter.php(502): CodeIgniter\CodeIgniter->runController(Object(App\Controllers\admin\denda))
 8 SYSTEMPATH\CodeIgniter.php(361): CodeIgniter\CodeIgniter->handleRequest(null, Object(Config\Cache), false)
 9 FCPATH\index.php(79): CodeIgniter\CodeIgniter->run()
CRITICAL - 2024-05-14 11:09:23 --> ErrorException: Trying to access array offset on value of type null
in APPPATH\Views\pages\backend\denda\edit.php on line 6.
 1 APPPATH\Views\pages\backend\denda\edit.php(6): CodeIgniter\Debug\Exceptions->errorHandler(8, 'Trying to access array offset on value of type null', 'C:\\xampp\\htdocs\\si-perpus\\app\\Views\\pages\\backend\\denda\\edit.php', 6, [...])
 2 SYSTEMPATH\View\View.php(228): include('C:\\xampp\\htdocs\\si-perpus\\app\\Views\\pages\\backend\\denda\\edit.php')
 3 SYSTEMPATH\View\View.php(231): CodeIgniter\View\View->CodeIgniter\View\{closure}()
 4 SYSTEMPATH\Common.php(1178): CodeIgniter\View\View->render('pages/backend/denda/edit', [], true)
 5 APPPATH\Controllers\admin\denda.php(28): view('pages/backend/denda/edit', [...])
 6 SYSTEMPATH\CodeIgniter.php(941): App\Controllers\admin\denda->edit('img', 'undraw_profile.svg')
 7 SYSTEMPATH\CodeIgniter.php(502): CodeIgniter\CodeIgniter->runController(Object(App\Controllers\admin\denda))
 8 SYSTEMPATH\CodeIgniter.php(361): CodeIgniter\CodeIgniter->handleRequest(null, Object(Config\Cache), false)
 9 FCPATH\index.php(79): CodeIgniter\CodeIgniter->run()
INFO - 2024-05-14 11:09:29 --> Session: Class initialized using 'CodeIgniter\Session\Handlers\FileHandler' driver.
CRITICAL - 2024-05-14 11:11:36 --> ErrorException: Declaration of App\Models\dendaModels::findAll() should be compatible with CodeIgniter\BaseModel::findAll(int $limit = 0, int $offset = 0)
in APPPATH\Models\dendaModels.php on line 13.
 1 APPPATH\Models\dendaModels.php(7): CodeIgniter\Debug\Exceptions->errorHandler(2, 'Declaration of App\\Models\\dendaModels::findAll() should be compatible with CodeIgniter\\BaseModel::findAll(int $limit = 0, int $offset = 0)', 'C:\\xampp\\htdocs\\si-perpus\\app\\Models\\dendaModels.php', 13, [...])
 2 SYSTEMPATH\Autoloader\Autoloader.php(309): include_once('C:\\xampp\\htdocs\\si-perpus\\app\\Models\\dendaModels.php')
 3 SYSTEMPATH\Autoloader\Autoloader.php(288): CodeIgniter\Autoloader\Autoloader->includeFile('C:\\xampp\\htdocs\\si-perpus\\app\\Models\\dendaModels.php')
 4 SYSTEMPATH\Autoloader\Autoloader.php(266): CodeIgniter\Autoloader\Autoloader->loadInNamespace('App\\Models\\dendaModels')
 5 [internal function]: CodeIgniter\Autoloader\Autoloader->loadClass('App\\Models\\dendaModels')
 6 APPPATH\Controllers\admin\denda.php(15): spl_autoload_call('App\\Models\\dendaModels')
 7 SYSTEMPATH\CodeIgniter.php(913): App\Controllers\admin\denda->__construct()
 8 SYSTEMPATH\CodeIgniter.php(493): CodeIgniter\CodeIgniter->createController()
 9 SYSTEMPATH\CodeIgniter.php(361): CodeIgniter\CodeIgniter->handleRequest(null, Object(Config\Cache), false)
10 FCPATH\index.php(79): CodeIgniter\CodeIgniter->run()
CRITICAL - 2024-05-14 11:15:31 --> ErrorException: Trying to access array offset on value of type null
in APPPATH\Views\pages\backend\denda\edit.php on line 6.
 1 APPPATH\Views\pages\backend\denda\edit.php(6): CodeIgniter\Debug\Exceptions->errorHandler(8, 'Trying to access array offset on value of type null', 'C:\\xampp\\htdocs\\si-perpus\\app\\Views\\pages\\backend\\denda\\edit.php', 6, [...])
 2 SYSTEMPATH\View\View.php(228): include('C:\\xampp\\htdocs\\si-perpus\\app\\Views\\pages\\backend\\denda\\edit.php')
 3 SYSTEMPATH\View\View.php(231): CodeIgniter\View\View->CodeIgniter\View\{closure}()
 4 SYSTEMPATH\Common.php(1178): CodeIgniter\View\View->render('pages/backend/denda/edit', [], true)
 5 APPPATH\Controllers\admin\denda.php(28): view('pages/backend/denda/edit', [...])
 6 SYSTEMPATH\CodeIgniter.php(941): App\Controllers\admin\denda->edit('img', 'undraw_profile.svg')
 7 SYSTEMPATH\CodeIgniter.php(502): CodeIgniter\CodeIgniter->runController(Object(App\Controllers\admin\denda))
 8 SYSTEMPATH\CodeIgniter.php(361): CodeIgniter\CodeIgniter->handleRequest(null, Object(Config\Cache), false)
 9 FCPATH\index.php(79): CodeIgniter\CodeIgniter->run()
INFO - 2024-05-14 11:15:33 --> Session: Class initialized using 'CodeIgniter\Session\Handlers\FileHandler' driver.
CRITICAL - 2024-05-14 11:15:35 --> ErrorException: Trying to access array offset on value of type null
in APPPATH\Views\pages\backend\denda\edit.php on line 6.
 1 APPPATH\Views\pages\backend\denda\edit.php(6): CodeIgniter\Debug\Exceptions->errorHandler(8, 'Trying to access array offset on value of type null', 'C:\\xampp\\htdocs\\si-perpus\\app\\Views\\pages\\backend\\denda\\edit.php', 6, [...])
 2 SYSTEMPATH\View\View.php(228): include('C:\\xampp\\htdocs\\si-perpus\\app\\Views\\pages\\backend\\denda\\edit.php')
 3 SYSTEMPATH\View\View.php(231): CodeIgniter\View\View->CodeIgniter\View\{closure}()
 4 SYSTEMPATH\Common.php(1178): CodeIgniter\View\View->render('pages/backend/denda/edit', [], true)
 5 APPPATH\Controllers\admin\denda.php(28): view('pages/backend/denda/edit', [...])
 6 SYSTEMPATH\CodeIgniter.php(941): App\Controllers\admin\denda->edit('img', 'undraw_profile.svg')
 7 SYSTEMPATH\CodeIgniter.php(502): CodeIgniter\CodeIgniter->runController(Object(App\Controllers\admin\denda))
 8 SYSTEMPATH\CodeIgniter.php(361): CodeIgniter\CodeIgniter->handleRequest(null, Object(Config\Cache), false)
 9 FCPATH\index.php(79): CodeIgniter\CodeIgniter->run()
INFO - 2024-05-14 11:15:37 --> Session: Class initialized using 'CodeIgniter\Session\Handlers\FileHandler' driver.
INFO - 2024-05-14 11:15:43 --> Session: Class initialized using 'CodeIgniter\Session\Handlers\FileHandler' driver.
CRITICAL - 2024-05-14 11:19:30 --> ErrorException: Undefined property: App\Controllers\admin\transaksi::$denda
in APPPATH\Controllers\admin\transaksi.php on line 90.
 1 APPPATH\Controllers\admin\transaksi.php(90): CodeIgniter\Debug\Exceptions->errorHandler(8, 'Undefined property: App\\Controllers\\admin\\transaksi::$denda', 'C:\\xampp\\htdocs\\si-perpus\\app\\Controllers\\admin\\transaksi.php', 90, [...])
 2 SYSTEMPATH\CodeIgniter.php(941): App\Controllers\admin\transaksi->selesai('9')
 3 SYSTEMPATH\CodeIgniter.php(502): CodeIgniter\CodeIgniter->runController(Object(App\Controllers\admin\transaksi))
 4 SYSTEMPATH\CodeIgniter.php(361): CodeIgniter\CodeIgniter->handleRequest(null, Object(Config\Cache), false)
 5 FCPATH\index.php(79): CodeIgniter\CodeIgniter->run()
INFO - 2024-05-14 11:20:16 --> Session: Class initialized using 'CodeIgniter\Session\Handlers\FileHandler' driver.
CRITICAL - 2024-05-14 11:21:32 --> ErrorException: Undefined property: stdClass::$denda
in APPPATH\Views\pages\backend\pengembalian.php on line 41.
 1 APPPATH\Views\pages\backend\pengembalian.php(41): CodeIgniter\Debug\Exceptions->errorHandler(8, 'Undefined property: stdClass::$denda', 'C:\\xampp\\htdocs\\si-perpus\\app\\Views\\pages\\backend\\pengembalian.php', 41, [...])
 2 SYSTEMPATH\View\View.php(228): include('C:\\xampp\\htdocs\\si-perpus\\app\\Views\\pages\\backend\\pengembalian.php')
 3 SYSTEMPATH\View\View.php(231): CodeIgniter\View\View->CodeIgniter\View\{closure}()
 4 SYSTEMPATH\Common.php(1178): CodeIgniter\View\View->render('pages/backend/pengembalian', [], true)
 5 APPPATH\Controllers\admin\pengembalian.php(25): view('pages/backend/pengembalian', [...])
 6 SYSTEMPATH\CodeIgniter.php(941): App\Controllers\admin\pengembalian->index()
 7 SYSTEMPATH\CodeIgniter.php(502): CodeIgniter\CodeIgniter->runController(Object(App\Controllers\admin\pengembalian))
 8 SYSTEMPATH\CodeIgniter.php(361): CodeIgniter\CodeIgniter->handleRequest(null, Object(Config\Cache), false)
 9 FCPATH\index.php(79): CodeIgniter\CodeIgniter->run()
CRITICAL - 2024-05-14 11:29:21 --> ErrorException: Trying to access array offset on value of type null
in APPPATH\Views\pages\backend\anggota\edit.php on line 7.
 1 APPPATH\Views\pages\backend\anggota\edit.php(7): CodeIgniter\Debug\Exceptions->errorHandler(8, 'Trying to access array offset on value of type null', 'C:\\xampp\\htdocs\\si-perpus\\app\\Views\\pages\\backend\\anggota\\edit.php', 7, [...])
 2 SYSTEMPATH\View\View.php(228): include('C:\\xampp\\htdocs\\si-perpus\\app\\Views\\pages\\backend\\anggota\\edit.php')
 3 SYSTEMPATH\View\View.php(231): CodeIgniter\View\View->CodeIgniter\View\{closure}()
 4 SYSTEMPATH\Common.php(1178): CodeIgniter\View\View->render('pages/backend/anggota/edit', [], true)
 5 APPPATH\Controllers\admin\anggota.php(94): view('pages/backend/anggota/edit', [...])
 6 SYSTEMPATH\CodeIgniter.php(941): App\Controllers\admin\anggota->edit('img', 'undraw_profile.svg')
 7 SYSTEMPATH\CodeIgniter.php(502): CodeIgniter\CodeIgniter->runController(Object(App\Controllers\admin\anggota))
 8 SYSTEMPATH\CodeIgniter.php(361): CodeIgniter\CodeIgniter->handleRequest(null, Object(Config\Cache), false)
 9 FCPATH\index.php(79): CodeIgniter\CodeIgniter->run()
CRITICAL - 2024-05-14 11:30:04 --> ErrorException: Trying to access array offset on value of type null
in APPPATH\Views\pages\backend\buku\edit.php on line 7.
 1 APPPATH\Views\pages\backend\buku\edit.php(7): CodeIgniter\Debug\Exceptions->errorHandler(8, 'Trying to access array offset on value of type null', 'C:\\xampp\\htdocs\\si-perpus\\app\\Views\\pages\\backend\\buku\\edit.php', 7, [...])
 2 SYSTEMPATH\View\View.php(228): include('C:\\xampp\\htdocs\\si-perpus\\app\\Views\\pages\\backend\\buku\\edit.php')
 3 SYSTEMPATH\View\View.php(231): CodeIgniter\View\View->CodeIgniter\View\{closure}()
 4 SYSTEMPATH\Common.php(1178): CodeIgniter\View\View->render('pages/backend/buku/edit', [], true)
 5 APPPATH\Controllers\admin\Buku.php(109): view('pages/backend/buku/edit', [...])
 6 SYSTEMPATH\CodeIgniter.php(941): App\Controllers\admin\Buku->edit('img', 'undraw_profile.svg')
 7 SYSTEMPATH\CodeIgniter.php(502): CodeIgniter\CodeIgniter->runController(Object(App\Controllers\admin\Buku))
 8 SYSTEMPATH\CodeIgniter.php(361): CodeIgniter\CodeIgniter->handleRequest(null, Object(Config\Cache), false)
 9 FCPATH\index.php(79): CodeIgniter\CodeIgniter->run()
CRITICAL - 2024-05-14 11:30:31 --> ErrorException: Trying to access array offset on value of type null
in APPPATH\Views\pages\backend\kategori\edit.php on line 7.
 1 APPPATH\Views\pages\backend\kategori\edit.php(7): CodeIgniter\Debug\Exceptions->errorHandler(8, 'Trying to access array offset on value of type null', 'C:\\xampp\\htdocs\\si-perpus\\app\\Views\\pages\\backend\\kategori\\edit.php', 7, [...])
 2 SYSTEMPATH\View\View.php(228): include('C:\\xampp\\htdocs\\si-perpus\\app\\Views\\pages\\backend\\kategori\\edit.php')
 3 SYSTEMPATH\View\View.php(231): CodeIgniter\View\View->CodeIgniter\View\{closure}()
 4 SYSTEMPATH\Common.php(1178): CodeIgniter\View\View->render('pages/backend/kategori/edit', [], true)
 5 APPPATH\Controllers\admin\kategori.php(47): view('pages/backend/kategori/edit', [...])
 6 SYSTEMPATH\CodeIgniter.php(941): App\Controllers\admin\kategori->edit('img', 'undraw_profile.svg')
 7 SYSTEMPATH\CodeIgniter.php(502): CodeIgniter\CodeIgniter->runController(Object(App\Controllers\admin\kategori))
 8 SYSTEMPATH\CodeIgniter.php(361): CodeIgniter\CodeIgniter->handleRequest(null, Object(Config\Cache), false)
 9 FCPATH\index.php(79): CodeIgniter\CodeIgniter->run()
CRITICAL - 2024-05-14 11:30:46 --> ErrorException: Trying to access array offset on value of type null
in APPPATH\Views\pages\backend\rak\edit.php on line 7.
 1 APPPATH\Views\pages\backend\rak\edit.php(7): CodeIgniter\Debug\Exceptions->errorHandler(8, 'Trying to access array offset on value of type null', 'C:\\xampp\\htdocs\\si-perpus\\app\\Views\\pages\\backend\\rak\\edit.php', 7, [...])
 2 SYSTEMPATH\View\View.php(228): include('C:\\xampp\\htdocs\\si-perpus\\app\\Views\\pages\\backend\\rak\\edit.php')
 3 SYSTEMPATH\View\View.php(231): CodeIgniter\View\View->CodeIgniter\View\{closure}()
 4 SYSTEMPATH\Common.php(1178): CodeIgniter\View\View->render('pages/backend/rak/edit', [], true)
 5 APPPATH\Controllers\admin\rak.php(47): view('pages/backend/rak/edit', [...])
 6 SYSTEMPATH\CodeIgniter.php(941): App\Controllers\admin\rak->edit('img', 'undraw_profile.svg')
 7 SYSTEMPATH\CodeIgniter.php(502): CodeIgniter\CodeIgniter->runController(Object(App\Controllers\admin\rak))
 8 SYSTEMPATH\CodeIgniter.php(361): CodeIgniter\CodeIgniter->handleRequest(null, Object(Config\Cache), false)
 9 FCPATH\index.php(79): CodeIgniter\CodeIgniter->run()
CRITICAL - 2024-05-14 11:31:17 --> ErrorException: Trying to access array offset on value of type null
in APPPATH\Views\pages\backend\denda\edit.php on line 7.
 1 APPPATH\Views\pages\backend\denda\edit.php(7): CodeIgniter\Debug\Exceptions->errorHandler(8, 'Trying to access array offset on value of type null', 'C:\\xampp\\htdocs\\si-perpus\\app\\Views\\pages\\backend\\denda\\edit.php', 7, [...])
 2 SYSTEMPATH\View\View.php(228): include('C:\\xampp\\htdocs\\si-perpus\\app\\Views\\pages\\backend\\denda\\edit.php')
 3 SYSTEMPATH\View\View.php(231): CodeIgniter\View\View->CodeIgniter\View\{closure}()
 4 SYSTEMPATH\Common.php(1178): CodeIgniter\View\View->render('pages/backend/denda/edit', [], true)
 5 APPPATH\Controllers\admin\denda.php(47): view('pages/backend/denda/edit', [...])
 6 SYSTEMPATH\CodeIgniter.php(941): App\Controllers\admin\denda->edit('img', 'undraw_profile.svg')
 7 SYSTEMPATH\CodeIgniter.php(502): CodeIgniter\CodeIgniter->runController(Object(App\Controllers\admin\denda))
 8 SYSTEMPATH\CodeIgniter.php(361): CodeIgniter\CodeIgniter->handleRequest(null, Object(Config\Cache), false)
 9 FCPATH\index.php(79): CodeIgniter\CodeIgniter->run()
CRITICAL - 2024-05-14 11:34:41 --> ErrorException: Trying to access array offset on value of type null
in APPPATH\Views\pages\backend\petugas\edit.php on line 7.
 1 APPPATH\Views\pages\backend\petugas\edit.php(7): CodeIgniter\Debug\Exceptions->errorHandler(8, 'Trying to access array offset on value of type null', 'C:\\xampp\\htdocs\\si-perpus\\app\\Views\\pages\\backend\\petugas\\edit.php', 7, [...])
 2 SYSTEMPATH\View\View.php(228): include('C:\\xampp\\htdocs\\si-perpus\\app\\Views\\pages\\backend\\petugas\\edit.php')
 3 SYSTEMPATH\View\View.php(231): CodeIgniter\View\View->CodeIgniter\View\{closure}()
 4 SYSTEMPATH\Common.php(1178): CodeIgniter\View\View->render('pages/backend/petugas/edit', [], true)
 5 APPPATH\Controllers\admin\petugas.php(93): view('pages/backend/petugas/edit', [...])
 6 SYSTEMPATH\CodeIgniter.php(941): App\Controllers\admin\petugas->edit('img', 'undraw_profile.svg')
 7 SYSTEMPATH\CodeIgniter.php(502): CodeIgniter\CodeIgniter->runController(Object(App\Controllers\admin\petugas))
 8 SYSTEMPATH\CodeIgniter.php(361): CodeIgniter\CodeIgniter->handleRequest(null, Object(Config\Cache), false)
 9 FCPATH\index.php(79): CodeIgniter\CodeIgniter->run()
CRITICAL - 2024-05-14 11:35:10 --> ErrorException: Undefined variable: id_buku
in APPPATH\Controllers\admin\transaksi.php on line 52.
 1 APPPATH\Controllers\admin\transaksi.php(52): CodeIgniter\Debug\Exceptions->errorHandler(8, 'Undefined variable: id_buku', 'C:\\xampp\\htdocs\\si-perpus\\app\\Controllers\\admin\\transaksi.php', 52, [...])
 2 SYSTEMPATH\CodeIgniter.php(941): App\Controllers\admin\transaksi->edit('10')
 3 SYSTEMPATH\CodeIgniter.php(502): CodeIgniter\CodeIgniter->runController(Object(App\Controllers\admin\transaksi))
 4 SYSTEMPATH\CodeIgniter.php(361): CodeIgniter\CodeIgniter->handleRequest(null, Object(Config\Cache), false)
 5 FCPATH\index.php(79): CodeIgniter\CodeIgniter->run()
INFO - 2024-05-14 11:35:53 --> Session: Class initialized using 'CodeIgniter\Session\Handlers\FileHandler' driver.
